/home/redline/.conda/envs/chad_new/lib/python3.10/site-packages/torchvision/io/image.py:13: UserWarning: Failed to load image Python extension: 'Could not load this library: /home/redline/.conda/envs/chad_new/lib/python3.10/site-packages/torchvision/image.so'If you don't plan on using image functionality from `torchvision.io`, you can ignore this warning. Otherwise, there might be something wrong with your environment. Did you have `libjpeg` or `libpng` installed before building `torchvision` from source?
  warn(

Device: cuda
  GPU 0: NVIDIA H100 NVL

============================================================
  resnet20 | cifar100
============================================================
Traceback (most recent call last):
  File "/home/redline/files/CNN-Compression/train.py", line 259, in <module>
    main()
  File "/home/redline/files/CNN-Compression/train.py", line 255, in main
    run_compression(arch, args.dataset, cfg.get(f"{phase_key}_configs", []), cfg, device)
  File "/home/redline/files/CNN-Compression/train.py", line 193, in run_compression
    baseline                 = load_baseline(arch, dataset, cfg, device)
  File "/home/redline/files/CNN-Compression/train.py", line 189, in load_baseline
    return model.to(device)
  File "/home/redline/.local/lib/python3.10/site-packages/torch/nn/modules/module.py", line 1383, in to
    return self._apply(convert)
  File "/home/redline/.local/lib/python3.10/site-packages/torch/nn/modules/module.py", line 933, in _apply
    module._apply(fn)
  File "/home/redline/.local/lib/python3.10/site-packages/torch/nn/modules/module.py", line 964, in _apply
    param_applied = fn(param)
  File "/home/redline/.local/lib/python3.10/site-packages/torch/nn/modules/module.py", line 1369, in convert
    return t.to(
torch.AcceleratorError: CUDA error: CUDA-capable device(s) is/are busy or unavailable
Search for `cudaErrorDevicesUnavailable' in https://docs.nvidia.com/cuda/cuda-runtime-api/group__CUDART__TYPES.html for more information.
CUDA kernel errors might be asynchronously reported at some other API call, so the stacktrace below might be incorrect.
For debugging consider passing CUDA_LAUNCH_BLOCKING=1
Compile with `TORCH_USE_CUDA_DSA` to enable device-side assertions.

