/home/redline/.conda/envs/chad_new/lib/python3.10/site-packages/torchvision/io/image.py:13: UserWarning: Failed to load image Python extension: 'Could not load this library: /home/redline/.conda/envs/chad_new/lib/python3.10/site-packages/torchvision/image.so'If you don't plan on using image functionality from `torchvision.io`, you can ignore this warning. Otherwise, there might be something wrong with your environment. Did you have `libjpeg` or `libpng` installed before building `torchvision` from source?
  warn(
wandb: [wandb.login()] Loaded credentials for https://api.wandb.ai from WANDB_API_KEY.
wandb: Currently logged in as: tea-krcmar (tk-redline) to https://api.wandb.ai. Use `wandb login --relogin` to force relogin
wandb: WARNING Using a boolean value for 'reinit' is deprecated. Use 'return_previous' or 'finish_previous' instead.
wandb: Tracking run with wandb version 0.26.1
wandb: Run data is saved locally in /home/redline/files/CNN-Compression/wandb/run-20260621_235949-10sltjdf
wandb: Run `wandb offline` to turn off syncing.
wandb: Syncing run resnet20_cifar100_pruning
wandb: ⭐️ View project at https://wandb.ai/tk-redline/CNN-Compression
wandb: 🚀 View run at https://wandb.ai/tk-redline/CNN-Compression/runs/10sltjdf

Device: cuda
  GPU 0: NVIDIA H100 NVL

============================================================
  resnet20 | cifar100
============================================================
Files already downloaded and verified
Files already downloaded and verified
Files already downloaded and verified

  -- [resnet20|cifar100] Pruning (50%) --
  Actual sparsity: 50.0%
    epoch [1/20]  val_acc: 64.91%
    epoch [10/20]  val_acc: 65.72%
wandb: updating run metadata
wandb: uploading output.log; uploading wandb-summary.json; uploading config.yaml
wandb: 
wandb: Run summary:
wandb:  is_quantized False
wandb: model_size_mb 1.16281
wandb: 
wandb: 🚀 View run resnet20_cifar100_pruning at: https://wandb.ai/tk-redline/CNN-Compression/runs/10sltjdf
wandb: ⭐️ View project at: https://wandb.ai/tk-redline/CNN-Compression
wandb: Synced 5 W&B file(s), 0 media file(s), 0 artifact file(s) and 0 other file(s)
wandb: Find logs at: ./wandb/run-20260621_235949-10sltjdf/logs
wandb: setting up run dkshahbk
wandb: Tracking run with wandb version 0.26.1
wandb: Run data is saved locally in /home/redline/files/CNN-Compression/wandb/run-20260622_000125-dkshahbk
wandb: Run `wandb offline` to turn off syncing.
wandb: Syncing run resnet20_cifar100_ptq
wandb: ⭐️ View project at https://wandb.ai/tk-redline/CNN-Compression
wandb: 🚀 View run at https://wandb.ai/tk-redline/CNN-Compression/runs/dkshahbk
/home/redline/.local/lib/python3.10/site-packages/torch/ao/quantization/observer.py:1039: UserWarning: Please use quant_min and quant_max to specify the range for observers.                     reduce_range will be deprecated in a future release of PyTorch.
  super().__init__(
    epoch [20/20]  val_acc: 66.86%
  Saved -> ./checkpoints/cifar100/resnet20/pruning.pth  (1.16 MB)

  -- [resnet20|cifar100] PTQ INT8 --
wandb: updating run metadata
wandb: uploading wandb-metadata.json; uploading requirements.txt; uploading output.log; uploading wandb-summary.json; uploading config.yaml
wandb: uploading summary, console lines 0-2
wandb: 
wandb: Run summary:
wandb:  is_quantized True
wandb: model_size_mb 0.38669
wandb: 
wandb: 🚀 View run resnet20_cifar100_ptq at: https://wandb.ai/tk-redline/CNN-Compression/runs/dkshahbk
wandb: ⭐️ View project at: https://wandb.ai/tk-redline/CNN-Compression
wandb: Synced 5 W&B file(s), 0 media file(s), 0 artifact file(s) and 0 other file(s)
wandb: Find logs at: ./wandb/run-20260622_000125-dkshahbk/logs
wandb: setting up run np496mls
wandb: Tracking run with wandb version 0.26.1
wandb: Run data is saved locally in /home/redline/files/CNN-Compression/wandb/run-20260622_000133-np496mls
wandb: Run `wandb offline` to turn off syncing.
wandb: Syncing run resnet20_cifar100_qat
wandb: ⭐️ View project at https://wandb.ai/tk-redline/CNN-Compression
wandb: 🚀 View run at https://wandb.ai/tk-redline/CNN-Compression/runs/np496mls
/home/redline/.local/lib/python3.10/site-packages/torch/ao/quantization/observer.py:534: UserWarning: Please use quant_min and quant_max to specify the range for observers.                     reduce_range will be deprecated in a future release of PyTorch.
  super().__init__(
  Saved -> ./checkpoints/cifar100/resnet20/ptq.pt  (0.39 MB)

  -- [resnet20|cifar100] QAT --
    epoch [1/20]  val_acc: 65.95%
    epoch [10/20]  val_acc: 66.22%
wandb: updating run metadata
wandb: uploading output.log; uploading wandb-summary.json; uploading config.yaml
wandb: 
wandb: Run summary:
wandb:  is_quantized True
wandb: model_size_mb 0.38669
wandb: 
wandb: 🚀 View run resnet20_cifar100_qat at: https://wandb.ai/tk-redline/CNN-Compression/runs/np496mls
wandb: ⭐️ View project at: https://wandb.ai/tk-redline/CNN-Compression
wandb: Synced 5 W&B file(s), 0 media file(s), 0 artifact file(s) and 0 other file(s)
wandb: Find logs at: ./wandb/run-20260622_000133-np496mls/logs
wandb: setting up run d9d7c8s7
wandb: Tracking run with wandb version 0.26.1
wandb: Run data is saved locally in /home/redline/files/CNN-Compression/wandb/run-20260622_000458-d9d7c8s7
wandb: Run `wandb offline` to turn off syncing.
wandb: Syncing run resnet20_cifar100_pruning_qat
wandb: ⭐️ View project at https://wandb.ai/tk-redline/CNN-Compression
wandb: 🚀 View run at https://wandb.ai/tk-redline/CNN-Compression/runs/d9d7c8s7
    epoch [20/20]  val_acc: 66.27%
  Saved -> ./checkpoints/cifar100/resnet20/qat.pt  (0.39 MB)

  -- [resnet20|cifar100] Pruning + QAT --
    epoch [1/10]  val_acc: 64.83%
/home/redline/.local/lib/python3.10/site-packages/torch/ao/quantization/observer.py:534: UserWarning: Please use quant_min and quant_max to specify the range for observers.                     reduce_range will be deprecated in a future release of PyTorch.
  super().__init__(
    epoch [10/10]  val_acc: 66.34%
    epoch [1/20]  val_acc: 65.60%
    epoch [10/20]  val_acc: 65.86%
wandb: updating run metadata
wandb: uploading output.log; uploading wandb-summary.json; uploading config.yaml
wandb: uploading summary, console lines 6-7
wandb: 
wandb: Run summary:
wandb:  is_quantized True
wandb: model_size_mb 0.39855
wandb: 
wandb: 🚀 View run resnet20_cifar100_pruning_qat at: https://wandb.ai/tk-redline/CNN-Compression/runs/d9d7c8s7
wandb: ⭐️ View project at: https://wandb.ai/tk-redline/CNN-Compression
wandb: Synced 5 W&B file(s), 0 media file(s), 0 artifact file(s) and 0 other file(s)
wandb: Find logs at: ./wandb/run-20260622_000458-d9d7c8s7/logs
wandb: setting up run nm6q8zfs
wandb: Tracking run with wandb version 0.26.1
wandb: Run data is saved locally in /home/redline/files/CNN-Compression/wandb/run-20260622_001229-nm6q8zfs
wandb: Run `wandb offline` to turn off syncing.
wandb: Syncing run resnet20_cifar100_pruning_kd
wandb: ⭐️ View project at https://wandb.ai/tk-redline/CNN-Compression
wandb: 🚀 View run at https://wandb.ai/tk-redline/CNN-Compression/runs/nm6q8zfs
    epoch [20/20]  val_acc: 66.43%
  Saved -> ./checkpoints/cifar100/resnet20/pruning_qat.pt  (0.40 MB)

  -- [resnet20|cifar100] Pruning + KD --
    KD epoch [1/100]  val_acc: 59.08%
    KD epoch [10/100]  val_acc: 56.03%
    KD epoch [20/100]  val_acc: 57.97%
    KD epoch [30/100]  val_acc: 54.67%
    KD epoch [40/100]  val_acc: 55.59%
    KD epoch [50/100]  val_acc: 53.78%
    KD epoch [60/100]  val_acc: 54.70%
    KD epoch [70/100]  val_acc: 66.52%
    KD epoch [80/100]  val_acc: 66.53%
    KD epoch [90/100]  val_acc: 67.05%
wandb: updating run metadata
wandb: uploading output.log; uploading wandb-summary.json; uploading config.yaml
wandb: uploading summary, console lines 10-11
wandb: 
wandb: Run summary:
wandb:  is_quantized False
wandb: model_size_mb 1.16373
wandb: 
wandb: 🚀 View run resnet20_cifar100_pruning_kd at: https://wandb.ai/tk-redline/CNN-Compression/runs/nm6q8zfs
wandb: ⭐️ View project at: https://wandb.ai/tk-redline/CNN-Compression
wandb: Synced 5 W&B file(s), 0 media file(s), 0 artifact file(s) and 0 other file(s)
wandb: Find logs at: ./wandb/run-20260622_001229-nm6q8zfs/logs
wandb: setting up run nqy3acdw
wandb: Tracking run with wandb version 0.26.1
wandb: Run data is saved locally in /home/redline/files/CNN-Compression/wandb/run-20260622_002318-nqy3acdw
wandb: Run `wandb offline` to turn off syncing.
wandb: Syncing run resnet50_cifar100_pruning
wandb: ⭐️ View project at https://wandb.ai/tk-redline/CNN-Compression
wandb: 🚀 View run at https://wandb.ai/tk-redline/CNN-Compression/runs/nqy3acdw
    KD epoch [100/100]  val_acc: 67.10%
  Saved -> ./checkpoints/cifar100/resnet20/pruning_kd.pth  (1.16 MB)

============================================================
  resnet50 | cifar100
============================================================
Files already downloaded and verified
Files already downloaded and verified
Files already downloaded and verified

  -- [resnet50|cifar100] Pruning (50%) --
  Actual sparsity: 50.0%
    epoch [1/20]  val_acc: 74.10%
    epoch [10/20]  val_acc: 74.10%
wandb: updating run metadata
wandb: uploading wandb-summary.json; uploading config.yaml; uploading output.log
wandb: 
wandb: Run summary:
wandb:  is_quantized False
wandb: model_size_mb 95.14016
wandb: 
wandb: 🚀 View run resnet50_cifar100_pruning at: https://wandb.ai/tk-redline/CNN-Compression/runs/nqy3acdw
wandb: ⭐️ View project at: https://wandb.ai/tk-redline/CNN-Compression
wandb: Synced 5 W&B file(s), 0 media file(s), 0 artifact file(s) and 0 other file(s)
wandb: Find logs at: ./wandb/run-20260622_002318-nqy3acdw/logs
wandb: setting up run m38ewjgf
wandb: Tracking run with wandb version 0.26.1
wandb: Run data is saved locally in /home/redline/files/CNN-Compression/wandb/run-20260622_002722-m38ewjgf
wandb: Run `wandb offline` to turn off syncing.
wandb: Syncing run resnet50_cifar100_ptq
wandb: ⭐️ View project at https://wandb.ai/tk-redline/CNN-Compression
wandb: 🚀 View run at https://wandb.ai/tk-redline/CNN-Compression/runs/m38ewjgf
/home/redline/.local/lib/python3.10/site-packages/torch/ao/quantization/observer.py:1039: UserWarning: Please use quant_min and quant_max to specify the range for observers.                     reduce_range will be deprecated in a future release of PyTorch.
  super().__init__(
    epoch [20/20]  val_acc: 74.10%
  Saved -> ./checkpoints/cifar100/resnet50/pruning.pth  (95.14 MB)

  -- [resnet50|cifar100] PTQ INT8 --
Traceback (most recent call last):
  File "/home/redline/files/CNN-Compression/train.py", line 259, in <module>
    main()
  File "/home/redline/files/CNN-Compression/train.py", line 255, in main
    run_compression(arch, args.dataset, cfg.get(f"{phase_key}_configs", []), cfg, device)
  File "/home/redline/files/CNN-Compression/train.py", line 214, in run_compression
    compressed, is_q = compress(baseline, method, comp_cfg, train_loader, val_loader, cal_loader, device=device)
  File "/home/redline/files/CNN-Compression/compression/engine.py", line 196, in compress
    _calibrate(prepared, calibration_loader, cfg.get("calibration_batches", 32))
  File "/home/redline/files/CNN-Compression/compression/engine.py", line 82, in _calibrate
    model(x.to(device))
  File "/home/redline/.local/lib/python3.10/site-packages/torch/nn/modules/module.py", line 1778, in _wrapped_call_impl
    return self._call_impl(*args, **kwargs)
  File "/home/redline/.local/lib/python3.10/site-packages/torch/nn/modules/module.py", line 1789, in _call_impl
    return forward_call(*args, **kwargs)
  File "/home/redline/files/CNN-Compression/models/registry.py", line 99, in new_forward
    x = orig_forward_impl(x)
  File "/home/redline/.conda/envs/chad_new/lib/python3.10/site-packages/torchvision/models/resnet.py", line 268, in _forward_impl
    x = self.conv1(x)
  File "/home/redline/.local/lib/python3.10/site-packages/torch/nn/modules/module.py", line 1778, in _wrapped_call_impl
    return self._call_impl(*args, **kwargs)
  File "/home/redline/.local/lib/python3.10/site-packages/torch/nn/modules/module.py", line 1789, in _call_impl
    return forward_call(*args, **kwargs)
  File "/home/redline/.local/lib/python3.10/site-packages/torch/nn/modules/conv.py", line 565, in forward
    return self._conv_forward(input, self.weight, self.bias)
  File "/home/redline/.local/lib/python3.10/site-packages/torch/nn/modules/conv.py", line 560, in _conv_forward
    return F.conv2d(
RuntimeError: Input type (torch.FloatTensor) and weight type (torch.cuda.FloatTensor) should be the same or input should be a MKLDNN tensor and weight is a dense tensor
Traceback (most recent call last):
  File "/home/redline/files/CNN-Compression/train.py", line 259, in <module>
    main()
  File "/home/redline/files/CNN-Compression/train.py", line 255, in main
    run_compression(arch, args.dataset, cfg.get(f"{phase_key}_configs", []), cfg, device)
  File "/home/redline/files/CNN-Compression/train.py", line 214, in run_compression
    compressed, is_q = compress(baseline, method, comp_cfg, train_loader, val_loader, cal_loader, device=device)
  File "/home/redline/files/CNN-Compression/compression/engine.py", line 196, in compress
    _calibrate(prepared, calibration_loader, cfg.get("calibration_batches", 32))
  File "/home/redline/files/CNN-Compression/compression/engine.py", line 82, in _calibrate
    model(x.to(device))
  File "/home/redline/.local/lib/python3.10/site-packages/torch/nn/modules/module.py", line 1778, in _wrapped_call_impl
    return self._call_impl(*args, **kwargs)
  File "/home/redline/.local/lib/python3.10/site-packages/torch/nn/modules/module.py", line 1789, in _call_impl
    return forward_call(*args, **kwargs)
  File "/home/redline/files/CNN-Compression/models/registry.py", line 99, in new_forward
    x = orig_forward_impl(x)
  File "/home/redline/.conda/envs/chad_new/lib/python3.10/site-packages/torchvision/models/resnet.py", line 268, in _forward_impl
    x = self.conv1(x)
  File "/home/redline/.local/lib/python3.10/site-packages/torch/nn/modules/module.py", line 1778, in _wrapped_call_impl
    return self._call_impl(*args, **kwargs)
  File "/home/redline/.local/lib/python3.10/site-packages/torch/nn/modules/module.py", line 1789, in _call_impl
    return forward_call(*args, **kwargs)
  File "/home/redline/.local/lib/python3.10/site-packages/torch/nn/modules/conv.py", line 565, in forward
    return self._conv_forward(input, self.weight, self.bias)
  File "/home/redline/.local/lib/python3.10/site-packages/torch/nn/modules/conv.py", line 560, in _conv_forward
    return F.conv2d(
RuntimeError: Input type (torch.FloatTensor) and weight type (torch.cuda.FloatTensor) should be the same or input should be a MKLDNN tensor and weight is a dense tensor
[1;34mwandb[0m: 
[1;34mwandb[0m: 🚀 View run [33mresnet50_cifar100_ptq[0m at: [34mhttps://wandb.ai/tk-redline/CNN-Compression/runs/m38ewjgf[0m
[1;34mwandb[0m: Find logs at: [1;35mwandb/run-20260622_002722-m38ewjgf/logs[0m
