/home/redline/.conda/envs/chad_new/lib/python3.10/site-packages/torchvision/io/image.py:13: UserWarning: Failed to load image Python extension: 'Could not load this library: /home/redline/.conda/envs/chad_new/lib/python3.10/site-packages/torchvision/image.so'If you don't plan on using image functionality from `torchvision.io`, you can ignore this warning. Otherwise, there might be something wrong with your environment. Did you have `libjpeg` or `libpng` installed before building `torchvision` from source?
  warn(
wandb: [wandb.login()] Loaded credentials for https://api.wandb.ai from WANDB_API_KEY.
wandb: Currently logged in as: tea-krcmar (tk-redline) to https://api.wandb.ai. Use `wandb login --relogin` to force relogin
wandb: WARNING Using a boolean value for 'reinit' is deprecated. Use 'return_previous' or 'finish_previous' instead.
wandb: Tracking run with wandb version 0.26.1
wandb: Run data is saved locally in /home/redline/files/CNN-Compression/wandb/run-20260621_235542-9jji31vf
wandb: Run `wandb offline` to turn off syncing.
wandb: Syncing run resnet20_cifar10_pruning
wandb: ⭐️ View project at https://wandb.ai/tk-redline/CNN-Compression
wandb: 🚀 View run at https://wandb.ai/tk-redline/CNN-Compression/runs/9jji31vf

Device: cuda
  GPU 0: NVIDIA H100 NVL

============================================================
  resnet20 | cifar10
============================================================
Files already downloaded and verified
Files already downloaded and verified
Files already downloaded and verified

  -- [resnet20|cifar10] Pruning (50%) --
  Actual sparsity: 50.0%
    epoch [1/20]  val_acc: 90.86%
    epoch [10/20]  val_acc: 91.40%
wandb: updating run metadata
wandb: uploading wandb-summary.json; uploading config.yaml; uploading output.log
wandb: uploading output.log
wandb: 
wandb: Run summary:
wandb:  is_quantized False
wandb: model_size_mb 1.13939
wandb: 
wandb: 🚀 View run resnet20_cifar10_pruning at: https://wandb.ai/tk-redline/CNN-Compression/runs/9jji31vf
wandb: ⭐️ View project at: https://wandb.ai/tk-redline/CNN-Compression
wandb: Synced 5 W&B file(s), 0 media file(s), 0 artifact file(s) and 0 other file(s)
wandb: Find logs at: ./wandb/run-20260621_235542-9jji31vf/logs
wandb: setting up run 8bcw59m8
wandb: Tracking run with wandb version 0.26.1
wandb: Run data is saved locally in /home/redline/files/CNN-Compression/wandb/run-20260621_235713-8bcw59m8
wandb: Run `wandb offline` to turn off syncing.
wandb: Syncing run resnet20_cifar10_ptq
wandb: ⭐️ View project at https://wandb.ai/tk-redline/CNN-Compression
wandb: 🚀 View run at https://wandb.ai/tk-redline/CNN-Compression/runs/8bcw59m8
/home/redline/.local/lib/python3.10/site-packages/torch/ao/quantization/observer.py:1039: UserWarning: Please use quant_min and quant_max to specify the range for observers.                     reduce_range will be deprecated in a future release of PyTorch.
  super().__init__(
    epoch [20/20]  val_acc: 92.07%
  Saved -> ./checkpoints/cifar10/resnet20/pruning.pth  (1.14 MB)

  -- [resnet20|cifar10] PTQ INT8 --
wandb: updating run metadata
wandb: uploading summary, console lines 0-2
wandb: 
wandb: Run summary:
wandb:  is_quantized True
wandb: model_size_mb 0.37914
wandb: 
wandb: 🚀 View run resnet20_cifar10_ptq at: https://wandb.ai/tk-redline/CNN-Compression/runs/8bcw59m8
wandb: ⭐️ View project at: https://wandb.ai/tk-redline/CNN-Compression
wandb: Synced 5 W&B file(s), 0 media file(s), 0 artifact file(s) and 0 other file(s)
wandb: Find logs at: ./wandb/run-20260621_235713-8bcw59m8/logs
wandb: setting up run 7a33uz05
wandb: Tracking run with wandb version 0.26.1
wandb: Run data is saved locally in /home/redline/files/CNN-Compression/wandb/run-20260621_235720-7a33uz05
wandb: Run `wandb offline` to turn off syncing.
wandb: Syncing run resnet20_cifar10_qat
wandb: ⭐️ View project at https://wandb.ai/tk-redline/CNN-Compression
wandb: 🚀 View run at https://wandb.ai/tk-redline/CNN-Compression/runs/7a33uz05
/home/redline/.local/lib/python3.10/site-packages/torch/ao/quantization/observer.py:534: UserWarning: Please use quant_min and quant_max to specify the range for observers.                     reduce_range will be deprecated in a future release of PyTorch.
  super().__init__(
  Saved -> ./checkpoints/cifar10/resnet20/ptq.pt  (0.38 MB)

  -- [resnet20|cifar10] QAT --
    epoch [1/20]  val_acc: 91.72%
    epoch [10/20]  val_acc: 91.48%
wandb: updating run metadata
wandb: uploading output.log; uploading wandb-summary.json; uploading config.yaml
wandb: 
wandb: Run summary:
wandb:  is_quantized True
wandb: model_size_mb 0.37914
wandb: 
wandb: 🚀 View run resnet20_cifar10_qat at: https://wandb.ai/tk-redline/CNN-Compression/runs/7a33uz05
wandb: ⭐️ View project at: https://wandb.ai/tk-redline/CNN-Compression
wandb: Synced 5 W&B file(s), 0 media file(s), 0 artifact file(s) and 0 other file(s)
wandb: Find logs at: ./wandb/run-20260621_235720-7a33uz05/logs
wandb: setting up run 5omtlvwb
wandb: Tracking run with wandb version 0.26.1
wandb: Run data is saved locally in /home/redline/files/CNN-Compression/wandb/run-20260621_235924-5omtlvwb
wandb: Run `wandb offline` to turn off syncing.
wandb: Syncing run resnet20_cifar10_pruning_qat
wandb: ⭐️ View project at https://wandb.ai/tk-redline/CNN-Compression
wandb: 🚀 View run at https://wandb.ai/tk-redline/CNN-Compression/runs/5omtlvwb
    epoch [20/20]  val_acc: 91.77%
  Saved -> ./checkpoints/cifar10/resnet20/qat.pt  (0.38 MB)

  -- [resnet20|cifar10] Pruning + QAT --
    epoch [1/10]  val_acc: 91.32%
/home/redline/.local/lib/python3.10/site-packages/torch/ao/quantization/observer.py:534: UserWarning: Please use quant_min and quant_max to specify the range for observers.                     reduce_range will be deprecated in a future release of PyTorch.
  super().__init__(
    epoch [10/10]  val_acc: 91.93%
    epoch [1/20]  val_acc: 91.44%
    epoch [10/20]  val_acc: 91.61%
wandb: updating run metadata
wandb: uploading config.yaml; uploading output.log; uploading wandb-summary.json
wandb: uploading data
wandb: 
wandb: Run summary:
wandb:  is_quantized True
wandb: model_size_mb 0.391
wandb: 
wandb: 🚀 View run resnet20_cifar10_pruning_qat at: https://wandb.ai/tk-redline/CNN-Compression/runs/5omtlvwb
wandb: ⭐️ View project at: https://wandb.ai/tk-redline/CNN-Compression
wandb: Synced 5 W&B file(s), 0 media file(s), 0 artifact file(s) and 0 other file(s)
wandb: Find logs at: ./wandb/run-20260621_235924-5omtlvwb/logs
wandb: setting up run dprg0n8w
wandb: Tracking run with wandb version 0.26.1
wandb: Run data is saved locally in /home/redline/files/CNN-Compression/wandb/run-20260622_000401-dprg0n8w
wandb: Run `wandb offline` to turn off syncing.
wandb: Syncing run resnet20_cifar10_pruning_kd
wandb: ⭐️ View project at https://wandb.ai/tk-redline/CNN-Compression
wandb: 🚀 View run at https://wandb.ai/tk-redline/CNN-Compression/runs/dprg0n8w
    epoch [20/20]  val_acc: 91.69%
  Saved -> ./checkpoints/cifar10/resnet20/pruning_qat.pt  (0.39 MB)

  -- [resnet20|cifar10] Pruning + KD --
    KD epoch [1/100]  val_acc: 86.08%
    KD epoch [10/100]  val_acc: 84.06%
    KD epoch [20/100]  val_acc: 86.30%
    KD epoch [30/100]  val_acc: 80.94%
    KD epoch [40/100]  val_acc: 83.04%
    KD epoch [50/100]  val_acc: 85.43%
    KD epoch [60/100]  val_acc: 77.93%
    KD epoch [70/100]  val_acc: 91.51%
    KD epoch [80/100]  val_acc: 91.94%
    KD epoch [90/100]  val_acc: 92.19%
wandb: updating run metadata
wandb: uploading output.log; uploading wandb-summary.json; uploading config.yaml
wandb: uploading summary, console lines 10-11
wandb: 
wandb: Run summary:
wandb:  is_quantized False
wandb: model_size_mb 1.1403
wandb: 
wandb: 🚀 View run resnet20_cifar10_pruning_kd at: https://wandb.ai/tk-redline/CNN-Compression/runs/dprg0n8w
wandb: ⭐️ View project at: https://wandb.ai/tk-redline/CNN-Compression
wandb: Synced 5 W&B file(s), 0 media file(s), 0 artifact file(s) and 0 other file(s)
wandb: Find logs at: ./wandb/run-20260622_000401-dprg0n8w/logs
wandb: setting up run 0btd9rdu
wandb: Tracking run with wandb version 0.26.1
wandb: Run data is saved locally in /home/redline/files/CNN-Compression/wandb/run-20260622_001351-0btd9rdu
wandb: Run `wandb offline` to turn off syncing.
wandb: Syncing run resnet50_cifar10_pruning
wandb: ⭐️ View project at https://wandb.ai/tk-redline/CNN-Compression
wandb: 🚀 View run at https://wandb.ai/tk-redline/CNN-Compression/runs/0btd9rdu
    KD epoch [100/100]  val_acc: 92.15%
  Saved -> ./checkpoints/cifar10/resnet20/pruning_kd.pth  (1.14 MB)

============================================================
  resnet50 | cifar10
============================================================
Files already downloaded and verified
Files already downloaded and verified
Files already downloaded and verified

  -- [resnet50|cifar10] Pruning (50%) --
  Actual sparsity: 50.0%
    epoch [1/20]  val_acc: 91.65%
    epoch [10/20]  val_acc: 91.65%
wandb: updating run metadata
wandb: uploading output.log; uploading wandb-summary.json; uploading config.yaml
wandb: uploading summary, console lines 3-4
wandb: 
wandb: Run summary:
wandb:  is_quantized False
wandb: model_size_mb 94.4025
wandb: 
wandb: 🚀 View run resnet50_cifar10_pruning at: https://wandb.ai/tk-redline/CNN-Compression/runs/0btd9rdu
wandb: ⭐️ View project at: https://wandb.ai/tk-redline/CNN-Compression
wandb: Synced 5 W&B file(s), 0 media file(s), 0 artifact file(s) and 0 other file(s)
wandb: Find logs at: ./wandb/run-20260622_001351-0btd9rdu/logs
wandb: setting up run bweldmy7
wandb: Tracking run with wandb version 0.26.1
wandb: Run data is saved locally in /home/redline/files/CNN-Compression/wandb/run-20260622_002031-bweldmy7
wandb: Run `wandb offline` to turn off syncing.
wandb: Syncing run resnet50_cifar10_ptq
wandb: ⭐️ View project at https://wandb.ai/tk-redline/CNN-Compression
wandb: 🚀 View run at https://wandb.ai/tk-redline/CNN-Compression/runs/bweldmy7
/home/redline/.local/lib/python3.10/site-packages/torch/ao/quantization/observer.py:1039: UserWarning: Please use quant_min and quant_max to specify the range for observers.                     reduce_range will be deprecated in a future release of PyTorch.
  super().__init__(
    epoch [20/20]  val_acc: 91.65%
  Saved -> ./checkpoints/cifar10/resnet50/pruning.pth  (94.40 MB)

  -- [resnet50|cifar10] PTQ INT8 --
Traceback (most recent call last):
  File "/home/redline/files/CNN-Compression/train.py", line 259, in <module>
    main()
  File "/home/redline/files/CNN-Compression/train.py", line 255, in main
    run_compression(arch, args.dataset, cfg.get(f"{phase_key}_configs", []), cfg, device)
  File "/home/redline/files/CNN-Compression/train.py", line 214, in run_compression
    compressed, is_q = compress(baseline, method, comp_cfg, train_loader, val_loader, cal_loader, device=device)
  File "/home/redline/files/CNN-Compression/compression/engine.py", line 196, in compress
    _calibrate(prepared, calibration_loader, cfg.get("calibration_batches", 32))
  File "/home/redline/files/CNN-Compression/compression/engine.py", line 82, in _calibrate
    model(x.to(device))
  File "/home/redline/.local/lib/python3.10/site-packages/torch/nn/modules/module.py", line 1778, in _wrapped_call_impl
    return self._call_impl(*args, **kwargs)
  File "/home/redline/.local/lib/python3.10/site-packages/torch/nn/modules/module.py", line 1789, in _call_impl
    return forward_call(*args, **kwargs)
  File "/home/redline/files/CNN-Compression/models/registry.py", line 99, in new_forward
    x = orig_forward_impl(x)
  File "/home/redline/.conda/envs/chad_new/lib/python3.10/site-packages/torchvision/models/resnet.py", line 268, in _forward_impl
    x = self.conv1(x)
  File "/home/redline/.local/lib/python3.10/site-packages/torch/nn/modules/module.py", line 1778, in _wrapped_call_impl
    return self._call_impl(*args, **kwargs)
  File "/home/redline/.local/lib/python3.10/site-packages/torch/nn/modules/module.py", line 1789, in _call_impl
    return forward_call(*args, **kwargs)
  File "/home/redline/.local/lib/python3.10/site-packages/torch/nn/modules/conv.py", line 565, in forward
    return self._conv_forward(input, self.weight, self.bias)
  File "/home/redline/.local/lib/python3.10/site-packages/torch/nn/modules/conv.py", line 560, in _conv_forward
    return F.conv2d(
RuntimeError: Input type (torch.FloatTensor) and weight type (torch.cuda.FloatTensor) should be the same or input should be a MKLDNN tensor and weight is a dense tensor
Traceback (most recent call last):
  File "/home/redline/files/CNN-Compression/train.py", line 259, in <module>
    main()
  File "/home/redline/files/CNN-Compression/train.py", line 255, in main
    run_compression(arch, args.dataset, cfg.get(f"{phase_key}_configs", []), cfg, device)
  File "/home/redline/files/CNN-Compression/train.py", line 214, in run_compression
    compressed, is_q = compress(baseline, method, comp_cfg, train_loader, val_loader, cal_loader, device=device)
  File "/home/redline/files/CNN-Compression/compression/engine.py", line 196, in compress
    _calibrate(prepared, calibration_loader, cfg.get("calibration_batches", 32))
  File "/home/redline/files/CNN-Compression/compression/engine.py", line 82, in _calibrate
    model(x.to(device))
  File "/home/redline/.local/lib/python3.10/site-packages/torch/nn/modules/module.py", line 1778, in _wrapped_call_impl
    return self._call_impl(*args, **kwargs)
  File "/home/redline/.local/lib/python3.10/site-packages/torch/nn/modules/module.py", line 1789, in _call_impl
    return forward_call(*args, **kwargs)
  File "/home/redline/files/CNN-Compression/models/registry.py", line 99, in new_forward
    x = orig_forward_impl(x)
  File "/home/redline/.conda/envs/chad_new/lib/python3.10/site-packages/torchvision/models/resnet.py", line 268, in _forward_impl
    x = self.conv1(x)
  File "/home/redline/.local/lib/python3.10/site-packages/torch/nn/modules/module.py", line 1778, in _wrapped_call_impl
    return self._call_impl(*args, **kwargs)
  File "/home/redline/.local/lib/python3.10/site-packages/torch/nn/modules/module.py", line 1789, in _call_impl
    return forward_call(*args, **kwargs)
  File "/home/redline/.local/lib/python3.10/site-packages/torch/nn/modules/conv.py", line 565, in forward
    return self._conv_forward(input, self.weight, self.bias)
  File "/home/redline/.local/lib/python3.10/site-packages/torch/nn/modules/conv.py", line 560, in _conv_forward
    return F.conv2d(
RuntimeError: Input type (torch.FloatTensor) and weight type (torch.cuda.FloatTensor) should be the same or input should be a MKLDNN tensor and weight is a dense tensor
[1;34mwandb[0m: 
[1;34mwandb[0m: 🚀 View run [33mresnet50_cifar10_ptq[0m at: [34mhttps://wandb.ai/tk-redline/CNN-Compression/runs/bweldmy7[0m
[1;34mwandb[0m: Find logs at: [1;35mwandb/run-20260622_002031-bweldmy7/logs[0m
